[debug] [2021-07-22T17:17:44.304Z] ----------------------------------------------------------------------
[debug] [2021-07-22T17:17:44.307Z] Command:       /usr/local/bin/node /usr/local/bin/firebase init
[debug] [2021-07-22T17:17:44.307Z] CLI Version:   9.16.0
[debug] [2021-07-22T17:17:44.308Z] Platform:      linux
[debug] [2021-07-22T17:17:44.308Z] Node Version:  v16.1.0
[debug] [2021-07-22T17:17:44.386Z] Time:          Thu Jul 22 2021 22:47:44 GMT+0530 (India Standard Time)
[debug] [2021-07-22T17:17:44.386Z] ----------------------------------------------------------------------
[debug] 
[debug] [2021-07-22T17:17:44.590Z] > command requires scopes: ["email","openid","https://www.googleapis.com/auth/cloudplatformprojects.readonly","https://www.googleapis.com/auth/firebase","https://www.googleapis.com/auth/cloud-platform"]
[debug] [2021-07-22T17:17:44.590Z] > authorizing via signed-in user (parth.go4garage@gmail.com)
[info] 
     ######## #### ########  ######## ########     ###     ######  ########
     ##        ##  ##     ## ##       ##     ##  ##   ##  ##       ##
     ######    ##  ########  ######   ########  #########  ######  ######
     ##        ##  ##    ##  ##       ##     ## ##     ##       ## ##
     ##       #### ##     ## ######## ########  ##     ##  ######  ########

You're about to initialize a Firebase project in this directory:

  /home/dhrpsr/parth-proj/intern

Before we get started, keep in mind:

  * You are initializing within an existing Firebase project directory

